<?xml version="1.0" encoding="UTF-8"?>
<testng-results skipped="0" failed="0" total="1" passed="1">
  <reporter-output>
  </reporter-output>
  <suite name="Default suite" duration-ms="437" started-at="2016-05-31T19:36:39Z" finished-at="2016-05-31T19:36:39Z">
    <groups>
      <group name="cucumber">
        <method signature="AbstractTestNGCucumberTests.feature(cucumber.api.testng.CucumberFeatureWrapper)[pri:0, instance:myPackage.LoginTestRunner@cb5822]" name="feature" class="cucumber.api.testng.AbstractTestNGCucumberTests"/>
      </group> <!-- cucumber -->
    </groups>
    <test name="Default test" duration-ms="437" started-at="2016-05-31T19:36:39Z" finished-at="2016-05-31T19:36:39Z">
      <class name="myPackage.LoginTestRunner">
        <test-method status="PASS" signature="setUpClass()[pri:0, instance:myPackage.LoginTestRunner@cb5822]" name="setUpClass" is-config="true" duration-ms="192" started-at="2016-05-31T15:36:39Z" finished-at="2016-05-31T15:36:39Z">
          <reporter-output>
          </reporter-output>
        </test-method> <!-- setUpClass -->
        <test-method status="PASS" signature="feature(cucumber.api.testng.CucumberFeatureWrapper)[pri:0, instance:myPackage.LoginTestRunner@cb5822]" name="feature" duration-ms="148" started-at="2016-05-31T15:36:39Z" description="Runs Cucumber Feature" data-provider="features" finished-at="2016-05-31T15:36:39Z">
          <params>
            <param index="0">
              <value>
                <![CDATA[Transfer files]]>
              </value>
            </param>
          </params>
          <reporter-output>
          </reporter-output>
        </test-method> <!-- feature -->
        <test-method status="PASS" signature="tearDownClass()[pri:0, instance:myPackage.LoginTestRunner@cb5822]" name="tearDownClass" is-config="true" duration-ms="9" started-at="2016-05-31T15:36:39Z" finished-at="2016-05-31T15:36:39Z">
          <reporter-output>
          </reporter-output>
        </test-method> <!-- tearDownClass -->
      </class> <!-- myPackage.LoginTestRunner -->
    </test> <!-- Default test -->
  </suite> <!-- Default suite -->
</testng-results>
